<!DOCTYPE html PUBLIC "-//W3C//DTD XHTML 1.1//EN" "https://www.w3.org/TR/xhtml11/DTD/xhtml11.dtd">
<html xmlns="https://www.w3.org/1999/xhtml">
<head>
<meta http-equiv="content-type" content="text/html; charset=UTF-8"/>
<title>TestNG Report</title>
<style type="text/css">table {margin-bottom:10px;border-collapse:collapse;empty-cells:show}th,td {border:1px solid #009;padding:.25em .5em}th {vertical-align:bottom}td {vertical-align:top}table a {font-weight:bold}.stripe td {background-color: #E6EBF9}.num {text-align:right}.passedodd td {background-color: #3F3}.passedeven td {background-color: #0A0}.skippedodd td {background-color: #DDD}.skippedeven td {background-color: #CCC}.failedodd td,.attn {background-color: #F33}.failedeven td,.stripe .attn {background-color: #D00}.stacktrace {white-space:pre;font-family:monospace}.totop {font-size:85%;text-align:center;border-bottom:2px solid #000}.invisible {display:none}</style>
</head>
<body>
<table>
<tr><th>Test</th><th># Passed</th><th># Skipped</th><th># Retried</th><th># Failed</th><th>Time (ms)</th><th>Included Groups</th><th>Excluded Groups</th></tr>
<tr><th colspan="8">Suite</th></tr>
<tr><td><a href="#t0">SmokeTest</a></td><td class="num">1</td><td class="num">0</td><td class="num">0</td><td class="num attn">2</td><td class="num">38,827</td><td></td><td></td></tr>
</table>
<table id='summary'><thead><tr><th>Class</th><th>Method</th><th>Start</th><th>Time (ms)</th></tr></thead><tbody><tr><th colspan="4">Suite</th></tr></tbody><tbody id="t0"><tr><th colspan="4">SmokeTest &#8212; failed</th></tr><tr class="failedeven"><td rowspan="1">com.testpackage.Homepage</td><td><a href="#m0">RegionTest</a></td><td rowspan="1">1724856814308</td><td rowspan="1">4396</td></tr><tr class="failedodd"><td rowspan="1">com.testpackage.PLPTestPage</td><td><a href="#m1">PLP</a></td><td rowspan="1">1724856838806</td><td rowspan="1">4339</td></tr><tr><th colspan="4">SmokeTest &#8212; passed</th></tr><tr class="passedeven"><td rowspan="1">com.testpackage.Homepage</td><td><a href="#m2">Login</a></td><td rowspan="1">1724856818802</td><td rowspan="1">8457</td></tr></tbody>
</table>
<h2>SmokeTest</h2><h3 id="m0">com.testpackage.Homepage#RegionTest</h3><table class="result"><tr class="param"><th>Parameter #1</th></tr><tr class="param stripe"><td>diode</td></tr><tr><th>Exception</th></tr><tr><td><div class="stacktrace">org.openqa.selenium.ElementClickInterceptedException: element click intercepted: Element &lt;a id=&quot;CybotCookiebotDialogBodyButtonAccept&quot; class=&quot;CybotCookiebotDialogBodyButton&quot; href=&quot;#&quot; tabindex=&quot;0&quot; lang=&quot;en&quot; style=&quot;margin-left: 2px; padding-left: 12px; padding-right: 12px;&quot;&gt;...&lt;/a&gt; is not clickable at point (70, 17). Other element would receive the click: &lt;button class=&quot;select-label dropdown-toggle&quot; type=&quot;button&quot; data-toggle=&quot;dropdown&quot;&gt;...&lt;/button&gt;
  (Session info: chrome=127.0.6533.100)
Build info: version: &apos;4.11.0&apos;, revision: &apos;040bc5406b&apos;
System info: os.name: &apos;Windows 11&apos;, os.arch: &apos;amd64&apos;, os.version: &apos;10.0&apos;, java.version: &apos;17.0.10&apos;
Driver info: org.openqa.selenium.chrome.ChromeDriver
Command: [7ccff8bce308260ee72acc34ea495267, clickElement {id=f.CBC033C895E6EF8297BEB154E45B4221.d.4AB255E0EBE10613110B1A3609A502E6.e.105}]
Capabilities {acceptInsecureCerts: true, browserName: chrome, browserVersion: 127.0.6533.100, chrome: {chromedriverVersion: 127.0.6533.119 (bdef6783a05..., userDataDir: C:\Users\hp\AppData\Local\T...}, fedcm:accounts: true, goog:chromeOptions: {debuggerAddress: localhost:54883}, networkConnectionEnabled: false, pageLoadStrategy: normal, platformName: windows, proxy: Proxy(), se:cdp: ws://localhost:54883/devtoo..., se:cdpVersion: 127.0.6533.100, setWindowRect: true, strictFileInteractability: false, timeouts: {implicit: 0, pageLoad: 300000, script: 30000}, unhandledPromptBehavior: dismiss and notify, webauthn:extension:credBlob: true, webauthn:extension:largeBlob: true, webauthn:extension:minPinLength: true, webauthn:extension:prf: true, webauthn:virtualAuthenticators: true}
Element: [[ChromeDriver: chrome on windows (7ccff8bce308260ee72acc34ea495267)] -&gt; xpath: //a[@id=&quot;CybotCookiebotDialogBodyButtonAccept&quot;]]
Session ID: 7ccff8bce308260ee72acc34ea495267
	at org.openqa.selenium.remote.codec.w3c.W3CHttpResponseCodec.createException(W3CHttpResponseCodec.java:200)
	at org.openqa.selenium.remote.codec.w3c.W3CHttpResponseCodec.decode(W3CHttpResponseCodec.java:133)
	at org.openqa.selenium.remote.codec.w3c.W3CHttpResponseCodec.decode(W3CHttpResponseCodec.java:52)
	at org.openqa.selenium.remote.HttpCommandExecutor.execute(HttpCommandExecutor.java:191)
	at org.openqa.selenium.remote.service.DriverCommandExecutor.invokeExecute(DriverCommandExecutor.java:196)
	at org.openqa.selenium.remote.service.DriverCommandExecutor.execute(DriverCommandExecutor.java:171)
	at org.openqa.selenium.remote.RemoteWebDriver.execute(RemoteWebDriver.java:518)
	at org.openqa.selenium.remote.RemoteWebElement.execute(RemoteWebElement.java:224)
	at org.openqa.selenium.remote.RemoteWebElement.click(RemoteWebElement.java:77)
	at com.pages.HomeTest.FELogodispaly(HomeTest.java:51)
	at com.testpackage.Homepage.RegionTest(Homepage.java:20)
	at java.base/java.util.ArrayList.forEach(ArrayList.java:1511)
... Removed 32 stack frames</div></td></tr></table><p class="totop"><a href="#summary">back to summary</a></p>
<h3 id="m1">com.testpackage.PLPTestPage#PLP</h3><table class="result"><tr><th>Exception</th></tr><tr><td><div class="stacktrace">org.openqa.selenium.ElementClickInterceptedException: element click intercepted: Element &lt;a id=&quot;CybotCookiebotDialogBodyButtonAccept&quot; class=&quot;CybotCookiebotDialogBodyButton&quot; href=&quot;#&quot; tabindex=&quot;0&quot; lang=&quot;en&quot; style=&quot;margin-left: 2px; padding-left: 12px; padding-right: 12px;&quot;&gt;...&lt;/a&gt; is not clickable at point (70, 17). Other element would receive the click: &lt;button class=&quot;select-label dropdown-toggle&quot; type=&quot;button&quot; data-toggle=&quot;dropdown&quot;&gt;...&lt;/button&gt;
  (Session info: chrome=127.0.6533.100)
Build info: version: &apos;4.11.0&apos;, revision: &apos;040bc5406b&apos;
System info: os.name: &apos;Windows 11&apos;, os.arch: &apos;amd64&apos;, os.version: &apos;10.0&apos;, java.version: &apos;17.0.10&apos;
Driver info: org.openqa.selenium.chrome.ChromeDriver
Command: [6b67970784a898cbd11eebbf0bdaf54d, clickElement {id=f.B41D652DC76CB74C8772B03C081AD818.d.EC5DA852C66656AB64E198F44AE1591A.e.49}]
Capabilities {acceptInsecureCerts: true, browserName: chrome, browserVersion: 127.0.6533.100, chrome: {chromedriverVersion: 127.0.6533.119 (bdef6783a05..., userDataDir: C:\Users\hp\AppData\Local\T...}, fedcm:accounts: true, goog:chromeOptions: {debuggerAddress: localhost:54944}, networkConnectionEnabled: false, pageLoadStrategy: normal, platformName: windows, proxy: Proxy(), se:cdp: ws://localhost:54944/devtoo..., se:cdpVersion: 127.0.6533.100, setWindowRect: true, strictFileInteractability: false, timeouts: {implicit: 0, pageLoad: 300000, script: 30000}, unhandledPromptBehavior: dismiss and notify, webauthn:extension:credBlob: true, webauthn:extension:largeBlob: true, webauthn:extension:minPinLength: true, webauthn:extension:prf: true, webauthn:virtualAuthenticators: true}
Element: [[ChromeDriver: chrome on windows (6b67970784a898cbd11eebbf0bdaf54d)] -&gt; xpath: //a[@id=&quot;CybotCookiebotDialogBodyButtonAccept&quot;]]
Session ID: 6b67970784a898cbd11eebbf0bdaf54d
	at org.openqa.selenium.remote.codec.w3c.W3CHttpResponseCodec.createException(W3CHttpResponseCodec.java:200)
	at org.openqa.selenium.remote.codec.w3c.W3CHttpResponseCodec.decode(W3CHttpResponseCodec.java:133)
	at org.openqa.selenium.remote.codec.w3c.W3CHttpResponseCodec.decode(W3CHttpResponseCodec.java:52)
	at org.openqa.selenium.remote.HttpCommandExecutor.execute(HttpCommandExecutor.java:191)
	at org.openqa.selenium.remote.service.DriverCommandExecutor.invokeExecute(DriverCommandExecutor.java:196)
	at org.openqa.selenium.remote.service.DriverCommandExecutor.execute(DriverCommandExecutor.java:171)
	at org.openqa.selenium.remote.RemoteWebDriver.execute(RemoteWebDriver.java:518)
	at org.openqa.selenium.remote.RemoteWebElement.execute(RemoteWebElement.java:224)
	at org.openqa.selenium.remote.RemoteWebElement.click(RemoteWebElement.java:77)
	at com.pages.HomeTest.FELogodispaly(HomeTest.java:51)
	at com.pages.PLPPages.Categories(PLPPages.java:29)
	at com.testpackage.PLPTestPage.PLP(PLPTestPage.java:17)
	at java.base/java.util.ArrayList.forEach(ArrayList.java:1511)
... Removed 32 stack frames</div></td></tr></table><p class="totop"><a href="#summary">back to summary</a></p>
<h3 id="m2">com.testpackage.Homepage#Login</h3><table class="result"><tr class="param"><th>Parameter #1</th><th>Parameter #2</th></tr><tr class="param stripe"><td>jyothi.reddy+2008@borngroup.com</td><td>Jyothi@12</td></tr></table><p class="totop"><a href="#summary">back to summary</a></p>
</body>
</html>
