<?xml version="1.0" encoding="UTF-8"?>
<testng-results ignored="0" total="4" passed="2" failed="2" skipped="0">
  <reporter-output>
    <line>
      <![CDATA[Log Info: Setting upthe Browser]]>
    </line>
    <line>
      <![CDATA[Log Info : Browser is up and running]]>
    </line>
    <line>
      <![CDATA[Browser closed]]>
    </line>
    <line>
      <![CDATA[Log Info: Setting upthe Browser]]>
    </line>
    <line>
      <![CDATA[Log Info : Browser is up and running]]>
    </line>
    <line>
      <![CDATA[Browser closed]]>
    </line>
    <line>
      <![CDATA[Log Info: Setting upthe Browser]]>
    </line>
    <line>
      <![CDATA[Log Info : Browser is up and running]]>
    </line>
    <line>
      <![CDATA[Dashboard reported]]>
    </line>
    <line>
      <![CDATA[Dashboard reported]]>
    </line>
    <line>
      <![CDATA[Browser closed]]>
    </line>
  </reporter-output>
  <suite started-at="2024-09-06T16:15:00 IST" name="Suite" finished-at="2024-09-06T16:21:16 IST" duration-ms="375745">
    <groups>
    </groups>
    <test started-at="2024-09-06T16:15:00 IST" name="SmokeTest" finished-at="2024-09-06T16:21:16 IST" duration-ms="375745">
      <class name="com.testpackage.Login">
        <test-method is-config="true" signature="setup()[pri:0, instance:com.testpackage.Login@5a1de7fb]" started-at="2024-09-06T16:20:28 IST" name="setup" finished-at="2024-09-06T16:20:52 IST" duration-ms="23889" status="PASS">
          <reporter-output>
            <line>
              <![CDATA[Log Info: Setting upthe Browser]]>
            </line>
            <line>
              <![CDATA[Log Info : Browser is up and running]]>
            </line>
          </reporter-output>
        </test-method> <!-- setup -->
        <test-method signature="Registration(java.lang.String,java.lang.String,java.lang.String,java.lang.String,java.lang.String)[pri:0, instance:com.testpackage.Login@5a1de7fb]" started-at="2024-09-06T16:20:52 IST" name="Registration" data-provider="TestingData" finished-at="2024-09-06T16:21:15 IST" duration-ms="22895" status="PASS">
          <params>
            <param index="0">
              <value>
                <![CDATA[Jyothi]]>
              </value>
            </param>
            <param index="1">
              <value>
                <![CDATA[Reddy]]>
              </value>
            </param>
            <param index="2">
              <value>
                <![CDATA[jyothi.reddy+2008apac@borngroup.com]]>
              </value>
            </param>
            <param index="3">
              <value>
                <![CDATA[Jyothi@12]]>
              </value>
            </param>
            <param index="4">
              <value>
                <![CDATA[Jyothi@12]]>
              </value>
            </param>
          </params>
          <reporter-output>
            <line>
              <![CDATA[Dashboard reported]]>
            </line>
            <line>
              <![CDATA[Dashboard reported]]>
            </line>
          </reporter-output>
        </test-method> <!-- Registration -->
        <test-method is-config="true" signature="tearDown()[pri:0, instance:com.testpackage.Login@5a1de7fb]" started-at="2024-09-06T16:21:16 IST" name="tearDown" finished-at="2024-09-06T16:21:16 IST" duration-ms="363" status="PASS">
          <reporter-output>
            <line>
              <![CDATA[Browser closed]]>
            </line>
          </reporter-output>
        </test-method> <!-- tearDown -->
      </class> <!-- com.testpackage.Login -->
      <class name="com.testpackage.Homepage">
        <test-method is-config="true" signature="setup()[pri:0, instance:com.testpackage.Homepage@3fc9504b]" started-at="2024-09-06T16:15:00 IST" name="setup" finished-at="2024-09-06T16:18:09 IST" duration-ms="189123" status="PASS">
          <reporter-output>
            <line>
              <![CDATA[Log Info: Setting upthe Browser]]>
            </line>
            <line>
              <![CDATA[Log Info : Browser is up and running]]>
            </line>
          </reporter-output>
        </test-method> <!-- setup -->
        <test-method signature="RegionTest(java.lang.String)[pri:1, instance:com.testpackage.Homepage@3fc9504b]" started-at="2024-09-06T16:18:11 IST" name="RegionTest" data-provider="Search" finished-at="2024-09-06T16:19:19 IST" duration-ms="68078" status="FAIL">
          <params>
            <param index="0">
              <value>
                <![CDATA[diode]]>
              </value>
            </param>
          </params>
          <exception class="org.openqa.selenium.TimeoutException">
            <message>
              <![CDATA[Expected condition failed: waiting for element to be clickable: By.xpath: //nav[1]//following-sibling::li[@data-automation-ref='GL_Geo']//a[@class='selected-curr currnet-selected-curr'] (tried for 60 second(s) with 500 milliseconds interval)
Build info: version: '4.11.0', revision: '040bc5406b'
System info: os.name: 'Windows 11', os.arch: 'amd64', os.version: '10.0', java.version: '17.0.10'
Driver info: org.openqa.selenium.chrome.ChromeDriver
Capabilities {acceptInsecureCerts: true, browserName: chrome, browserVersion: 128.0.6613.119, chrome: {chromedriverVersion: 128.0.6613.119 (6e439cfca4d..., userDataDir: C:\Users\hp\AppData\Local\T...}, fedcm:accounts: true, goog:chromeOptions: {debuggerAddress: localhost:49623}, networkConnectionEnabled: false, pageLoadStrategy: normal, platformName: windows, proxy: Proxy(), se:cdp: ws://localhost:49623/devtoo..., se:cdpVersion: 128.0.6613.119, setWindowRect: true, strictFileInteractability: false, timeouts: {implicit: 0, pageLoad: 300000, script: 30000}, unhandledPromptBehavior: dismiss and notify, webauthn:extension:credBlob: true, webauthn:extension:largeBlob: true, webauthn:extension:minPinLength: true, webauthn:extension:prf: true, webauthn:virtualAuthenticators: true}
Session ID: 7977ade01a891383db904254e73c0eab]]>
            </message>
            <full-stacktrace>
              <![CDATA[org.openqa.selenium.TimeoutException: Expected condition failed: waiting for element to be clickable: By.xpath: //nav[1]//following-sibling::li[@data-automation-ref='GL_Geo']//a[@class='selected-curr currnet-selected-curr'] (tried for 60 second(s) with 500 milliseconds interval)
Build info: version: '4.11.0', revision: '040bc5406b'
System info: os.name: 'Windows 11', os.arch: 'amd64', os.version: '10.0', java.version: '17.0.10'
Driver info: org.openqa.selenium.chrome.ChromeDriver
Capabilities {acceptInsecureCerts: true, browserName: chrome, browserVersion: 128.0.6613.119, chrome: {chromedriverVersion: 128.0.6613.119 (6e439cfca4d..., userDataDir: C:\Users\hp\AppData\Local\T...}, fedcm:accounts: true, goog:chromeOptions: {debuggerAddress: localhost:49623}, networkConnectionEnabled: false, pageLoadStrategy: normal, platformName: windows, proxy: Proxy(), se:cdp: ws://localhost:49623/devtoo..., se:cdpVersion: 128.0.6613.119, setWindowRect: true, strictFileInteractability: false, timeouts: {implicit: 0, pageLoad: 300000, script: 30000}, unhandledPromptBehavior: dismiss and notify, webauthn:extension:credBlob: true, webauthn:extension:largeBlob: true, webauthn:extension:minPinLength: true, webauthn:extension:prf: true, webauthn:virtualAuthenticators: true}
Session ID: 7977ade01a891383db904254e73c0eab
at org.openqa.selenium.support.ui.WebDriverWait.timeoutException(WebDriverWait.java:84)
at org.openqa.selenium.support.ui.FluentWait.until(FluentWait.java:230)
at utility.com.HelperClass.Expilictwait(HelperClass.java:109)
at com.pages.HomeTest.RegionDropdow(HomeTest.java:79)
at com.testpackage.Homepage.RegionTest(Homepage.java:21)
at java.base/jdk.internal.reflect.NativeMethodAccessorImpl.invoke0(Native Method)
at java.base/jdk.internal.reflect.NativeMethodAccessorImpl.invoke(NativeMethodAccessorImpl.java:77)
at java.base/jdk.internal.reflect.DelegatingMethodAccessorImpl.invoke(DelegatingMethodAccessorImpl.java:43)
at java.base/java.lang.reflect.Method.invoke(Method.java:568)
at org.testng.internal.invokers.MethodInvocationHelper.invokeMethod(MethodInvocationHelper.java:139)
at org.testng.internal.invokers.TestInvoker.invokeMethod(TestInvoker.java:677)
at org.testng.internal.invokers.TestInvoker.invokeTestMethod(TestInvoker.java:221)
at org.testng.internal.invokers.MethodRunner.runInSequence(MethodRunner.java:50)
at org.testng.internal.invokers.TestInvoker$MethodInvocationAgent.invoke(TestInvoker.java:969)
at org.testng.internal.invokers.TestInvoker.invokeTestMethods(TestInvoker.java:194)
at org.testng.internal.invokers.TestMethodWorker.invokeTestMethods(TestMethodWorker.java:148)
at org.testng.internal.invokers.TestMethodWorker.run(TestMethodWorker.java:128)
at java.base/java.util.ArrayList.forEach(ArrayList.java:1511)
at org.testng.TestRunner.privateRun(TestRunner.java:829)
at org.testng.TestRunner.run(TestRunner.java:602)
at org.testng.SuiteRunner.runTest(SuiteRunner.java:437)
at org.testng.SuiteRunner.runSequentially(SuiteRunner.java:431)
at org.testng.SuiteRunner.privateRun(SuiteRunner.java:391)
at org.testng.SuiteRunner.run(SuiteRunner.java:330)
at org.testng.SuiteRunnerWorker.runSuite(SuiteRunnerWorker.java:52)
at org.testng.SuiteRunnerWorker.run(SuiteRunnerWorker.java:95)
at org.testng.TestNG.runSuitesSequentially(TestNG.java:1256)
at org.testng.TestNG.runSuitesLocally(TestNG.java:1176)
at org.testng.TestNG.runSuites(TestNG.java:1099)
at org.testng.TestNG.run(TestNG.java:1067)
at org.testng.remote.AbstractRemoteTestNG.run(AbstractRemoteTestNG.java:115)
at org.testng.remote.RemoteTestNG.initAndRun(RemoteTestNG.java:251)
at org.testng.remote.RemoteTestNG.main(RemoteTestNG.java:77)
]]>
            </full-stacktrace>
          </exception> <!-- org.openqa.selenium.TimeoutException -->
          <reporter-output>
          </reporter-output>
        </test-method> <!-- RegionTest -->
        <test-method signature="Login(java.lang.String,java.lang.String)[pri:2, instance:com.testpackage.Homepage@3fc9504b]" started-at="2024-09-06T16:19:19 IST" name="Login" data-provider="logindata" finished-at="2024-09-06T16:19:52 IST" duration-ms="32650" status="PASS">
          <params>
            <param index="0">
              <value>
                <![CDATA[jyothi.reddy+2008@borngroup.com]]>
              </value>
            </param>
            <param index="1">
              <value>
                <![CDATA[Jyothi@12]]>
              </value>
            </param>
          </params>
          <reporter-output>
          </reporter-output>
        </test-method> <!-- Login -->
        <test-method is-config="true" signature="tearDown()[pri:0, instance:com.testpackage.Homepage@3fc9504b]" started-at="2024-09-06T16:19:53 IST" name="tearDown" finished-at="2024-09-06T16:19:53 IST" duration-ms="311" status="PASS">
          <reporter-output>
            <line>
              <![CDATA[Browser closed]]>
            </line>
          </reporter-output>
        </test-method> <!-- tearDown -->
      </class> <!-- com.testpackage.Homepage -->
      <class name="com.testpackage.PLPTestPage">
        <test-method is-config="true" signature="setup()[pri:0, instance:com.testpackage.PLPTestPage@676cf48]" started-at="2024-09-06T16:19:53 IST" name="setup" finished-at="2024-09-06T16:20:23 IST" duration-ms="29814" status="PASS">
          <reporter-output>
            <line>
              <![CDATA[Log Info: Setting upthe Browser]]>
            </line>
            <line>
              <![CDATA[Log Info : Browser is up and running]]>
            </line>
          </reporter-output>
        </test-method> <!-- setup -->
        <test-method signature="PLP()[pri:0, instance:com.testpackage.PLPTestPage@676cf48]" started-at="2024-09-06T16:20:23 IST" name="PLP" finished-at="2024-09-06T16:20:27 IST" duration-ms="4296" status="FAIL">
          <exception class="org.openqa.selenium.ElementClickInterceptedException">
            <message>
              <![CDATA[element click intercepted: Element <a id="CybotCookiebotDialogBodyButtonAccept" class="CybotCookiebotDialogBodyButton" href="#" tabindex="0" lang="en" style="margin-left: 2px; padding-left: 12px; padding-right: 12px;">...</a> is not clickable at point (70, 17). Other element would receive the click: <button class="select-label dropdown-toggle" type="button" data-toggle="dropdown">...</button>
  (Session info: chrome=128.0.6613.119)
Build info: version: '4.11.0', revision: '040bc5406b'
System info: os.name: 'Windows 11', os.arch: 'amd64', os.version: '10.0', java.version: '17.0.10'
Driver info: org.openqa.selenium.chrome.ChromeDriver
Command: [8f6cc62c75be3a224e9806f7f8b5debd, clickElement {id=f.203548A57FBB5220D19C5295BFFB1DD7.d.016F7477EFF17C0A63406C0552B8AFA5.e.120}]
Capabilities {acceptInsecureCerts: true, browserName: chrome, browserVersion: 128.0.6613.119, chrome: {chromedriverVersion: 128.0.6613.119 (6e439cfca4d..., userDataDir: C:\Users\hp\AppData\Local\T...}, fedcm:accounts: true, goog:chromeOptions: {debuggerAddress: localhost:49899}, networkConnectionEnabled: false, pageLoadStrategy: normal, platformName: windows, proxy: Proxy(), se:cdp: ws://localhost:49899/devtoo..., se:cdpVersion: 128.0.6613.119, setWindowRect: true, strictFileInteractability: false, timeouts: {implicit: 0, pageLoad: 300000, script: 30000}, unhandledPromptBehavior: dismiss and notify, webauthn:extension:credBlob: true, webauthn:extension:largeBlob: true, webauthn:extension:minPinLength: true, webauthn:extension:prf: true, webauthn:virtualAuthenticators: true}
Element: [[ChromeDriver: chrome on windows (8f6cc62c75be3a224e9806f7f8b5debd)] -> xpath: //a[@id="CybotCookiebotDialogBodyButtonAccept"]]
Session ID: 8f6cc62c75be3a224e9806f7f8b5debd]]>
            </message>
            <full-stacktrace>
              <![CDATA[org.openqa.selenium.ElementClickInterceptedException: element click intercepted: Element <a id="CybotCookiebotDialogBodyButtonAccept" class="CybotCookiebotDialogBodyButton" href="#" tabindex="0" lang="en" style="margin-left: 2px; padding-left: 12px; padding-right: 12px;">...</a> is not clickable at point (70, 17). Other element would receive the click: <button class="select-label dropdown-toggle" type="button" data-toggle="dropdown">...</button>
  (Session info: chrome=128.0.6613.119)
Build info: version: '4.11.0', revision: '040bc5406b'
System info: os.name: 'Windows 11', os.arch: 'amd64', os.version: '10.0', java.version: '17.0.10'
Driver info: org.openqa.selenium.chrome.ChromeDriver
Command: [8f6cc62c75be3a224e9806f7f8b5debd, clickElement {id=f.203548A57FBB5220D19C5295BFFB1DD7.d.016F7477EFF17C0A63406C0552B8AFA5.e.120}]
Capabilities {acceptInsecureCerts: true, browserName: chrome, browserVersion: 128.0.6613.119, chrome: {chromedriverVersion: 128.0.6613.119 (6e439cfca4d..., userDataDir: C:\Users\hp\AppData\Local\T...}, fedcm:accounts: true, goog:chromeOptions: {debuggerAddress: localhost:49899}, networkConnectionEnabled: false, pageLoadStrategy: normal, platformName: windows, proxy: Proxy(), se:cdp: ws://localhost:49899/devtoo..., se:cdpVersion: 128.0.6613.119, setWindowRect: true, strictFileInteractability: false, timeouts: {implicit: 0, pageLoad: 300000, script: 30000}, unhandledPromptBehavior: dismiss and notify, webauthn:extension:credBlob: true, webauthn:extension:largeBlob: true, webauthn:extension:minPinLength: true, webauthn:extension:prf: true, webauthn:virtualAuthenticators: true}
Element: [[ChromeDriver: chrome on windows (8f6cc62c75be3a224e9806f7f8b5debd)] -> xpath: //a[@id="CybotCookiebotDialogBodyButtonAccept"]]
Session ID: 8f6cc62c75be3a224e9806f7f8b5debd
at java.base/jdk.internal.reflect.NativeConstructorAccessorImpl.newInstance0(Native Method)
at java.base/jdk.internal.reflect.NativeConstructorAccessorImpl.newInstance(NativeConstructorAccessorImpl.java:77)
at java.base/jdk.internal.reflect.DelegatingConstructorAccessorImpl.newInstance(DelegatingConstructorAccessorImpl.java:45)
at java.base/java.lang.reflect.Constructor.newInstanceWithCaller(Constructor.java:499)
at java.base/java.lang.reflect.Constructor.newInstance(Constructor.java:480)
at org.openqa.selenium.remote.codec.w3c.W3CHttpResponseCodec.createException(W3CHttpResponseCodec.java:200)
at org.openqa.selenium.remote.codec.w3c.W3CHttpResponseCodec.decode(W3CHttpResponseCodec.java:133)
at org.openqa.selenium.remote.codec.w3c.W3CHttpResponseCodec.decode(W3CHttpResponseCodec.java:52)
at org.openqa.selenium.remote.HttpCommandExecutor.execute(HttpCommandExecutor.java:191)
at org.openqa.selenium.remote.service.DriverCommandExecutor.invokeExecute(DriverCommandExecutor.java:196)
at org.openqa.selenium.remote.service.DriverCommandExecutor.execute(DriverCommandExecutor.java:171)
at org.openqa.selenium.remote.RemoteWebDriver.execute(RemoteWebDriver.java:518)
at org.openqa.selenium.remote.RemoteWebElement.execute(RemoteWebElement.java:224)
at org.openqa.selenium.remote.RemoteWebElement.click(RemoteWebElement.java:77)
at com.pages.HomeTest.FELogodispaly(HomeTest.java:51)
at com.pages.PLPPages.Categories(PLPPages.java:29)
at com.testpackage.PLPTestPage.PLP(PLPTestPage.java:17)
at java.base/jdk.internal.reflect.NativeMethodAccessorImpl.invoke0(Native Method)
at java.base/jdk.internal.reflect.NativeMethodAccessorImpl.invoke(NativeMethodAccessorImpl.java:77)
at java.base/jdk.internal.reflect.DelegatingMethodAccessorImpl.invoke(DelegatingMethodAccessorImpl.java:43)
at java.base/java.lang.reflect.Method.invoke(Method.java:568)
at org.testng.internal.invokers.MethodInvocationHelper.invokeMethod(MethodInvocationHelper.java:139)
at org.testng.internal.invokers.TestInvoker.invokeMethod(TestInvoker.java:677)
at org.testng.internal.invokers.TestInvoker.invokeTestMethod(TestInvoker.java:221)
at org.testng.internal.invokers.MethodRunner.runInSequence(MethodRunner.java:50)
at org.testng.internal.invokers.TestInvoker$MethodInvocationAgent.invoke(TestInvoker.java:969)
at org.testng.internal.invokers.TestInvoker.invokeTestMethods(TestInvoker.java:194)
at org.testng.internal.invokers.TestMethodWorker.invokeTestMethods(TestMethodWorker.java:148)
at org.testng.internal.invokers.TestMethodWorker.run(TestMethodWorker.java:128)
at java.base/java.util.ArrayList.forEach(ArrayList.java:1511)
at org.testng.TestRunner.privateRun(TestRunner.java:829)
at org.testng.TestRunner.run(TestRunner.java:602)
at org.testng.SuiteRunner.runTest(SuiteRunner.java:437)
at org.testng.SuiteRunner.runSequentially(SuiteRunner.java:431)
at org.testng.SuiteRunner.privateRun(SuiteRunner.java:391)
at org.testng.SuiteRunner.run(SuiteRunner.java:330)
at org.testng.SuiteRunnerWorker.runSuite(SuiteRunnerWorker.java:52)
at org.testng.SuiteRunnerWorker.run(SuiteRunnerWorker.java:95)
at org.testng.TestNG.runSuitesSequentially(TestNG.java:1256)
at org.testng.TestNG.runSuitesLocally(TestNG.java:1176)
at org.testng.TestNG.runSuites(TestNG.java:1099)
at org.testng.TestNG.run(TestNG.java:1067)
at org.testng.remote.AbstractRemoteTestNG.run(AbstractRemoteTestNG.java:115)
at org.testng.remote.RemoteTestNG.initAndRun(RemoteTestNG.java:251)
at org.testng.remote.RemoteTestNG.main(RemoteTestNG.java:77)
]]>
            </full-stacktrace>
          </exception> <!-- org.openqa.selenium.ElementClickInterceptedException -->
          <reporter-output>
          </reporter-output>
        </test-method> <!-- PLP -->
        <test-method is-config="true" signature="tearDown()[pri:0, instance:com.testpackage.PLPTestPage@676cf48]" started-at="2024-09-06T16:20:27 IST" name="tearDown" finished-at="2024-09-06T16:20:28 IST" duration-ms="1247" status="PASS">
          <reporter-output>
            <line>
              <![CDATA[Browser closed]]>
            </line>
          </reporter-output>
        </test-method> <!-- tearDown -->
      </class> <!-- com.testpackage.PLPTestPage -->
    </test> <!-- SmokeTest -->
  </suite> <!-- Suite -->
</testng-results>
